<?xml version="1.0" encoding="UTF-8"?>
<testng-results skipped="1" failed="0" total="3" passed="2">
  <reporter-output>
  </reporter-output>
  <suite name="Default suite" duration-ms="26010" started-at="2019-07-17T06:21:09Z" finished-at="2019-07-17T06:21:35Z">
    <groups>
    </groups>
    <test name="Default test" duration-ms="26010" started-at="2019-07-17T06:21:09Z" finished-at="2019-07-17T06:21:35Z">
      <class name="com.training.regression.tests.CategoryAndCourse_ELTC_075">
        <test-method status="PASS" signature="setUpBeforeClass()[pri:0, instance:com.training.regression.tests.CategoryAndCourse_ELTC_075@23223dd8]" name="setUpBeforeClass" is-config="true" duration-ms="12776" started-at="2019-07-17T11:51:09Z" finished-at="2019-07-17T11:51:22Z">
          <reporter-output>
          </reporter-output>
        </test-method> <!-- setUpBeforeClass -->
        <test-method status="PASS" signature="validLoginTest()[pri:0, instance:com.training.regression.tests.CategoryAndCourse_ELTC_075@23223dd8]" name="validLoginTest" duration-ms="8010" started-at="2019-07-17T11:51:22Z" finished-at="2019-07-17T11:51:30Z">
          <reporter-output>
          </reporter-output>
        </test-method> <!-- validLoginTest -->
        <test-method status="SKIP" signature="validCreateCategoryTest(java.lang.String, java.lang.String, java.lang.String, java.lang.String, java.lang.String)[pri:1, instance:com.training.regression.tests.CategoryAndCourse_ELTC_075@23223dd8]" name="validCreateCategoryTest" duration-ms="0" started-at="2019-07-17T11:51:30Z" data-provider="excel-inputs" finished-at="2019-07-17T11:51:30Z">
          <exception class="java.lang.RuntimeException">
            <message>
              <![CDATA[Can't invoke method public java.lang.Object[][] com.training.dataproviders.TestDataProvider.getExcelData() on this instance of class com.training.regression.tests.CategoryAndCourse_ELTC_075 due to class mismatch]]>
            </message>
            <full-stacktrace>
              <![CDATA[java.lang.RuntimeException: Can't invoke method public java.lang.Object[][] com.training.dataproviders.TestDataProvider.getExcelData() on this instance of class com.training.regression.tests.CategoryAndCourse_ELTC_075 due to class mismatch
	at org.testng.internal.MethodInvocationHelper.invokeMethod(MethodInvocationHelper.java:75)
	at org.testng.internal.MethodInvocationHelper.invokeDataProvider(MethodInvocationHelper.java:137)
	at org.testng.internal.Parameters.handleParameters(Parameters.java:430)
	at org.testng.internal.Invoker.handleParameters(Invoker.java:1276)
	at org.testng.internal.Invoker.createParameters(Invoker.java:991)
	at org.testng.internal.Invoker.invokeTestMethods(Invoker.java:1081)
	at org.testng.internal.TestMethodWorker.invokeTestMethods(TestMethodWorker.java:129)
	at org.testng.internal.TestMethodWorker.run(TestMethodWorker.java:112)
	at org.testng.TestRunner.privateRun(TestRunner.java:782)
	at org.testng.TestRunner.run(TestRunner.java:632)
	at org.testng.SuiteRunner.runTest(SuiteRunner.java:366)
	at org.testng.SuiteRunner.runSequentially(SuiteRunner.java:361)
	at org.testng.SuiteRunner.privateRun(SuiteRunner.java:319)
	at org.testng.SuiteRunner.run(SuiteRunner.java:268)
	at org.testng.SuiteRunnerWorker.runSuite(SuiteRunnerWorker.java:52)
	at org.testng.SuiteRunnerWorker.run(SuiteRunnerWorker.java:86)
	at org.testng.TestNG.runSuitesSequentially(TestNG.java:1244)
	at org.testng.TestNG.runSuitesLocally(TestNG.java:1169)
	at org.testng.TestNG.run(TestNG.java:1064)
	at org.testng.remote.RemoteTestNG.run(RemoteTestNG.java:113)
	at org.testng.remote.RemoteTestNG.initAndRun(RemoteTestNG.java:206)
	at org.testng.remote.RemoteTestNG.main(RemoteTestNG.java:177)
]]>
            </full-stacktrace>
          </exception> <!-- java.lang.RuntimeException -->
          <reporter-output>
          </reporter-output>
        </test-method> <!-- validCreateCategoryTest -->
        <test-method status="PASS" signature="validLogoutTest()[pri:2, instance:com.training.regression.tests.CategoryAndCourse_ELTC_075@23223dd8]" name="validLogoutTest" duration-ms="4001" started-at="2019-07-17T11:51:30Z" finished-at="2019-07-17T11:51:34Z">
          <reporter-output>
          </reporter-output>
        </test-method> <!-- validLogoutTest -->
        <test-method status="PASS" signature="tearDown()[pri:0, instance:com.training.regression.tests.CategoryAndCourse_ELTC_075@23223dd8]" name="tearDown" is-config="true" duration-ms="1172" started-at="2019-07-17T11:51:34Z" finished-at="2019-07-17T11:51:35Z">
          <reporter-output>
          </reporter-output>
        </test-method> <!-- tearDown -->
      </class> <!-- com.training.regression.tests.CategoryAndCourse_ELTC_075 -->
    </test> <!-- Default test -->
  </suite> <!-- Default suite -->
</testng-results>
