<?xml version="1.0" encoding="UTF-8"?>
<testng-results skipped="0" failed="0" total="3" passed="3">
  <reporter-output>
  </reporter-output>
  <suite name="Default suite" duration-ms="19390" started-at="2019-07-10T13:01:39Z" finished-at="2019-07-10T13:01:59Z">
    <groups>
    </groups>
    <test name="Default test" duration-ms="19390" started-at="2019-07-10T13:01:39Z" finished-at="2019-07-10T13:01:59Z">
      <class name="com.training.sanity.tests.GroupChat_ELTC_045">
        <test-method status="PASS" signature="setUpBeforeClass()[pri:0, instance:com.training.sanity.tests.GroupChat_ELTC_045@23223dd8]" name="setUpBeforeClass" is-config="true" duration-ms="6236" started-at="2019-07-10T18:31:39Z" finished-at="2019-07-10T18:31:45Z">
          <reporter-output>
          </reporter-output>
        </test-method> <!-- setUpBeforeClass -->
        <test-method status="PASS" signature="setUp()[pri:0, instance:com.training.sanity.tests.GroupChat_ELTC_045@23223dd8]" name="setUp" is-config="true" duration-ms="1" started-at="2019-07-10T18:31:45Z" finished-at="2019-07-10T18:31:45Z">
          <reporter-output>
          </reporter-output>
        </test-method> <!-- setUp -->
        <test-method status="PASS" signature="validLoginTest()[pri:0, instance:com.training.sanity.tests.GroupChat_ELTC_045@23223dd8]" name="validLoginTest" duration-ms="2609" started-at="2019-07-10T18:31:45Z" finished-at="2019-07-10T18:31:48Z">
          <reporter-output>
          </reporter-output>
        </test-method> <!-- validLoginTest -->
        <test-method status="PASS" signature="groupChatTest()[pri:1, instance:com.training.sanity.tests.GroupChat_ELTC_045@23223dd8]" name="groupChatTest" duration-ms="7443" started-at="2019-07-10T18:31:48Z" finished-at="2019-07-10T18:31:55Z">
          <reporter-output>
          </reporter-output>
        </test-method> <!-- groupChatTest -->
        <test-method status="PASS" signature="setUp()[pri:0, instance:com.training.sanity.tests.GroupChat_ELTC_045@23223dd8]" name="setUp" is-config="true" duration-ms="0" started-at="2019-07-10T18:31:48Z" finished-at="2019-07-10T18:31:48Z">
          <reporter-output>
          </reporter-output>
        </test-method> <!-- setUp -->
        <test-method status="PASS" signature="setUp()[pri:0, instance:com.training.sanity.tests.GroupChat_ELTC_045@23223dd8]" name="setUp" is-config="true" duration-ms="1" started-at="2019-07-10T18:31:55Z" finished-at="2019-07-10T18:31:55Z">
          <reporter-output>
          </reporter-output>
        </test-method> <!-- setUp -->
        <test-method status="PASS" signature="validLogoutTest()[pri:2, instance:com.training.sanity.tests.GroupChat_ELTC_045@23223dd8]" name="validLogoutTest" duration-ms="2247" started-at="2019-07-10T18:31:55Z" finished-at="2019-07-10T18:31:58Z">
          <reporter-output>
          </reporter-output>
        </test-method> <!-- validLogoutTest -->
        <test-method status="PASS" signature="tearDown()[pri:0, instance:com.training.sanity.tests.GroupChat_ELTC_045@23223dd8]" name="tearDown" is-config="true" duration-ms="836" started-at="2019-07-10T18:31:58Z" finished-at="2019-07-10T18:31:59Z">
          <reporter-output>
          </reporter-output>
        </test-method> <!-- tearDown -->
      </class> <!-- com.training.sanity.tests.GroupChat_ELTC_045 -->
    </test> <!-- Default test -->
  </suite> <!-- Default suite -->
</testng-results>
