<?xml version="1.0" encoding="UTF-8"?>
<!-- Generated by org.testng.reporters.JUnitXMLReporter -->
<testsuite hostname="DESKTOP-UMSBFMM" name="Default test" tests="3" failures="0" timestamp="17 Jul 2019 06:21:35 GMT" time="26.01" errors="0">
  <testcase name="validLoginTest" time="8.01" classname="com.training.regression.tests.CategoryAndCourse_ELTC_075"/>
  <testcase name="validCreateCategoryTest" time="0.0" classname="com.training.regression.tests.CategoryAndCourse_ELTC_075">
    <skipped/>
  </testcase> <!-- validCreateCategoryTest -->
  <testcase name="validLogoutTest" time="4.001" classname="com.training.regression.tests.CategoryAndCourse_ELTC_075"/>
</testsuite> <!-- Default test -->
