<?xml version="1.0" encoding="UTF-8"?>
<!-- Generated by org.testng.reporters.JUnitXMLReporter -->
<testsuite hostname="DESKTOP-UMSBFMM" name="Default test" tests="3" failures="0" timestamp="10 Jul 2019 03:25:59 GMT" time="87.726" errors="0">
  <testcase name="validLoginTest" time="12.258" classname="com.training.sanity.tests.Assignment_ELTC_043"/>
  <testcase name="validAssignmentUploadTest" time="41.211" classname="com.training.sanity.tests.Assignment_ELTC_043"/>
  <testcase name="validLogoutTest" time="5.664" classname="com.training.sanity.tests.Assignment_ELTC_043"/>
</testsuite> <!-- Default test -->
